[   89532ms] [ERROR] A tree hydrated but some attributes of the server rendered HTML didn't match the client properties. This won't be patched up. This can happen if a SSR-ed Client Component used:

- A server/client branch `if (typeof window !== 'undefined')`.
- Variable input such as `Date.now()` or `Math.random()` which changes each time it's called.
- Date formatting in a user's locale which doesn't match the server.
- External changing data without sending a snapshot of it along with the HTML.
- Invalid HTML tag nesting.

It can also happen if the client has a browser extension installed which messes with the HTML before React loaded.

%s%s https://react.dev/link/hydration-mismatch 

  ...
    <InnerLayoutRouter url="/contracts" tree={[...]} params={{}} cacheNode={{rsc:<Fragment>, ...}} segmentPath={[...]} ...>
      <SegmentViewNode type="page" pagePath="contracts/...">
        <SegmentTrieNode>
        <ClientPageRoot Component={function ContractsPage} serverProvidedParams={{...}}>
          <ContractsPage params={Promise} searchParams={Promise}>
            <section data-component="contracts" className="space-y-6">
              <PageHeader>
              <div>
              <SplitLayout hasSelection={false} onBack={function onBack}>
                <div data-component="split-layout" className="grid grid-...">
                  <ListPanel title="계약 목록" tabs={[...]} activeTab="all" onTabChange={function handleTabChange} ...>
                    <div data-component="list-panel" className="bg-white r...">
                      <div className="flex items...">
                        <h2>
                        <div className="flex items...">
                          <div className="flex items...">
                            <button>
                            <input
                              ref={{current:null}}
                              type="text"
                              placeholder="고객명, 문서명 검색..."
                              value=""
                              onChange={function onChange}
                              onBlur={function onBlur}
                              style={{
+                               border: "none"
+                               outline: "none"
+                               boxShadow: "none"
-                               border-top-width: "initial"
-                               border-right-width: "initial"
-                               border-bottom-width: "initial"
-                               border-left-width: "initial"
-                               border-top-style: "none"
-                               border-right-style: "none"
-                               border-bottom-style: "none"
-                               border-left-style: "none"
-                               border-top-color: "initial"
-                               border-right-color: "initial"
-                               border-bottom-color: "initial"
-                               border-left-color: "initial"
-                               border-image-source: "initial"
-                               border-image-slice: "initial"
-                               border-image-width: "initial"
-                               border-image-outset: "initial"
-                               border-image-repeat: "initial"
-                               outline-color: "initial"
-                               outline-style: "none"
-                               outline-width: "initial"
-                               box-shadow: "none"
                              }}
                              className="bg-transparent text-[0.85rem] text-v3-dark caret-v3-primary placeholder:text-..."
                            >
                      ...
                  ...
      ...
 @ http://localhost:3000/_next/static/chunks/44786_next_dist_cb1d9b82._.js:3127
